[handleMsg]:  {
  key: {
    remoteJid: '573234257398@s.whatsapp.net',
    fromMe: false,
    id: '816821C3EE7577FC238242C5B4A06E13',
    participant: undefined
  },
  messageTimestamp: 1714436830,
  pushName: 'Anthony',
  broadcast: false,
  message: Message {
    conversation: 'Hy',
    messageContextInfo: MessageContextInfo {
      deviceListMetadata: [DeviceListMetadata],
      deviceListMetadataVersion: 2
    }
  },
  body: 'Hy',
  from: '573234257398'
}
[QUEUE_SE_ENVIO]:  {
  ref: 'ans_0931cc9e-7097-4b48-9010-45b1b643eaf9',
  keyword: 'key_800ebe09-ee38-48ae-8d60-8db089881923',
  answer: 'Este es el flujo welcome',
  options: {
    media: 'https://www.sus-medicos.com/_next/image?url=%2F_next%2Fstatic%2Fmedia%2Fsus1.e20ce011.jpg&w=640&q=75',
    buttons: [],
    capture: false,
    child: null,
    delay: 3000,
    idle: null,
    ref: null,
    nested: [],
    keyword: {},
    callback: true
  },
  refSerialize: '09bacc3d486fe36d829a14d322612fe5'
}
